
[1;92m+[0m[1;2mstage_16bit                   [0m : Quantum Loader
[1;92m+[0m[1;2mstage_16bit                   [0m : Video mode failed!
[1;92m+[0m[1;2mstage_16bit                   [0m : Loading stage32 '/bootloader/stage_32.bin' (27412 Bytes)
[1;92m+[0m[1;2mstage_16bit                   [0m : Loading stage64 '/bootloader/stage_64.bin' (54344 Bytes)
[1;92m+[0m[1;2mstage_16bit                   [0m : Loading kernel '/kernel.elf' (3576984 Bytes)
[1;92m+[0m[1;2mstage_16bit                   [0m : Loading initfs '/initfs' (6460928 Bytes)
[1;92m+[0m[1;2mstage_32bit::paging           [0m : Identity Mapping Regions...OK
[1;92m+[0m[1;2mstage_32bit::paging           [0m : Setting Paging Base Register...OK
[1;92m+[0m[1;2mstage_32bit::paging           [0m : Disabling Paging...OK
[1;92m+[0m[1;2mstage_32bit::paging           [0m : Setting PAE...OK
[1;92m+[0m[1;2mstage_32bit::paging           [0m : Setting Long Mode...OK
[1;92m+[0m[1;2mstage_32bit::paging           [0m : Enabling Protected Mode...OK
[1;92m+[0m[1;2mstage_32bit::paging           [0m : Enabling Paging...OK
[1;92m+[0m[1;2mstage_32bit::paging           [0m : Reloading Segments...OK
[1;92m+[0m[1;2mstage_32bit                   [0m : Loaded long mode GDT!
[1;92m+[0m[1;2mstage_32bit                   [0m : Built Stage32to64!
[1;92m+[0m[1;2mstage_32bit                   [0m : Jumping to stage64! -- 0x0000000000400000ÿ
[1;92m+[0m[1;2mstage_64bit                   [0m : Stage64!
[1;92m+[0m[1;2mstage_64bit                   [0m : Kernel Size     : 264 Kib
[1;92m+[0m[1;2mstage_64bit                   [0m : Free Memory     : 511 Mib
[1;92m+[0m[1;2mstage_64bit                   [0m : Reserved Memory : 0 Mib
[1;92m+[0m[1;2mstage_64bit                   [0m : |     Kind     |       Start      |        End       |        Size       |
[1;92m+[0m[1;2mstage_64bit                   [0m : +--------------+------------------+------------------+-------------------+
[1;92m+[0m[1;2mstage_64bit                   [0m : | Free	 | 0x00000000000000 | 0x0000000009f000 |          636  Kib |
[1;92m+[0m[1;2mstage_64bit                   [0m : | Reserved	 | 0x0000000009f000 | 0x000000000a0000 |            4  Kib |
[1;92m+[0m[1;2mstage_64bit                   [0m : | Reserved	 | 0x000000000e8000 | 0x00000000100000 |           96  Kib |
[1;92m+[0m[1;2mstage_64bit                   [0m : | Free	 | 0x00000000100000 | 0x00000000200000 |            1  Mib |
[1;92m+[0m[1;2mstage_64bit                   [0m : | Bootloader	 | 0x00000000200000 | 0x00000000206b14 |           26  Kib |
[1;92m+[0m[1;2mstage_64bit                   [0m : | Free	 | 0x00000000206b14 | 0x00000000400000 |            1  Mib |
[1;92m+[0m[1;2mstage_64bit                   [0m : | Bootloader	 | 0x00000000400000 | 0x0000000040d448 |           53  Kib |
[1;92m+[0m[1;2mstage_64bit                   [0m : | Free	 | 0x0000000040d448 | 0x00000000500000 |          970  Kib |
[1;92m+[0m[1;2mstage_64bit                   [0m : | KernelElf	 | 0x00000000500000 | 0x00000000869498 |            3  Mib |
[1;92m+[0m[1;2mstage_64bit                   [0m : | Bootloader	 | 0x00000000869498 | 0x00000000969498 |            1  Mib |
[1;92m+[0m[1;2mstage_64bit                   [0m : | Free	 | 0x00000000969498 | 0x00000000a00000 |          602  Kib |
[1;92m+[0m[1;2mstage_64bit                   [0m : | InitFs	 | 0x00000000a00000 | 0x00000001200000 |            8  Mib |
[1;92m+[0m[1;2mstage_64bit                   [0m : | KernelExe	 | 0x00000001200000 | 0x00000001400000 |            2  Mib |
[1;92m+[0m[1;2mstage_64bit                   [0m : | KernelStack	 | 0x00000001400000 | 0x00000001600000 |            2  Mib |
[1;92m+[0m[1;2mstage_64bit                   [0m : | KernelHeap	 | 0x00000001600000 | 0x00000002600000 |           16  Mib |
[1;92m+[0m[1;2mstage_64bit                   [0m : | Free	 | 0x00000002600000 | 0x0000001fff0000 |          473  Mib |
[1;92m+[0m[1;2mstage_64bit                   [0m : | AcpiReclaimable	 | 0x0000001fff0000 | 0x00000020000000 |           64  Kib |
[1;92m+[0m[1;2mstage_64bit                   [0m : | Reserved	 | 0x000000fffc0000 | 0x00000100000000 |          256  Kib |
[1;92m+[0m[1;2mstage_64bit                   [0m : +--------------+------------------+------------------+-------------------+
[1;92m+[0m[1;2mstage_64bit                   [0m : Loading new page tables...OK
[1;92m+[0m[1;2mstage_64bit                   [0m : Loading ELF (.....XXX) -- OK
[1;92m+[0m[1;2mstage_64bit                   [0m : Kernel 
[1;92m+[0m[1;2mstage_64bit                   [0m :  - EXE   : 0xffffffff80000000
[1;92m+[0m[1;2mstage_64bit                   [0m :  - STACK : 0xffffffff80600000
[1;92m+[0m[1;2mstage_64bit                   [0m :  - S2K   : 0x00000000406100ÿ
[1;92m+[0m[1;2mkernel                        [0m : Welcome to the Quantum Kernel!
[1;92m+[0m[1;2mkernel                        [0m : Free Memory : 479 Mib
[1;92m+[0m[1;2mkernel                        [0m : Running on a(n) 'Intel' processor.
[1;92m+[0m[1;2mkernel                        [0m : Init Heap Region (16 Mib)
[1;92m+[0m[1;2mkernel::int                   [0m : Attached Interrupts!
[1;92m+[0m[1;2mkernel::int                   [0m : Checking Interrupts...InterruptInfo {
[1;92m+[0m[1;2mkernel::int::exception_handler[0m :     context: ProcessContext {
[1;92m+[0m[1;2mkernel::int::exception_handler[0m :         r15: 0xffffffff8003abb0,
[1;92m+[0m[1;2mkernel::int::exception_handler[0m :         r14: 0xffffffff8003425e,
[1;92m+[0m[1;2mkernel::int::exception_handler[0m :         r13: 0xffffffff805ffd28,
[1;92m+[0m[1;2mkernel::int::exception_handler[0m :         r12: 0xffffffff80041000,
[1;92m+[0m[1;2mkernel::int::exception_handler[0m :         r11: 0x31,
[1;92m+[0m[1;2mkernel::int::exception_handler[0m :         r10: 0x12,
[1;92m+[0m[1;2mkernel::int::exception_handler[0m :         r9: 0x2,
[1;92m+[0m[1;2mkernel::int::exception_handler[0m :         r8: 0x0,
[1;92m+[0m[1;2mkernel::int::exception_handler[0m :         rbp: 0x800000000000,
[1;92m+[0m[1;2mkernel::int::exception_handler[0m :         rdi: 0x3f8,
[1;92m+[0m[1;2mkernel::int::exception_handler[0m :         rsi: 0x110000,
[1;92m+[0m[1;2mkernel::int::exception_handler[0m :         rdx: 0x1,
[1;92m+[0m[1;2mkernel::int::exception_handler[0m :         rcx: 0x1,
[1;92m+[0m[1;2mkernel::int::exception_handler[0m :         rbx: 0xffffffff8003425e,
[1;92m+[0m[1;2mkernel::int::exception_handler[0m :         rax: 0x0,
[1;92m+[0m[1;2mkernel::int::exception_handler[0m :         exception_code: 0x0,
[1;92m+[0m[1;2mkernel::int::exception_handler[0m :         rip: 0xffffffff8001717d,
[1;92m+[0m[1;2mkernel::int::exception_handler[0m :         cs: 0x8,
[1;92m+[0m[1;2mkernel::int::exception_handler[0m :         rflag: 0x86,
[1;92m+[0m[1;2mkernel::int::exception_handler[0m :         rsp: 0xffffffff805ffc80,
[1;92m+[0m[1;2mkernel::int::exception_handler[0m :         ss: 0x10,
[1;92m+[0m[1;2mkernel::int::exception_handler[0m :     },
[1;92m+[0m[1;2mkernel::int::exception_handler[0m :     flags: Debug,
[1;92m+[0m[1;2mkernel::int::exception_handler[0m : }
[1;92m+[0m[1;2mkernel::int                   [0m : OK
[1;92m+[0m[1;2mkernel::int                   [0m : Attaching Syscalls...
[1;92m+[0m[1;2mkernel::int                   [0m : Syscall instruction attached!
[1;92m+[0m[1;2mkernel                        [0m : Init PhysMemoryManager
[1;92m+[0m[1;2mkernel                        [0m : Unused Physical Pages 122737 (479 Mib)
[1;92m+[0m[1;2mkernel                        [0m : Attached virt2phys provider!
[1;92m+[0m[1;2mkernel::process::scheduler    [0m : Scheduler Init...
[1;92m+[0m[1;2mkernel::process::scheduler    [0m : Remapping bootloader's regions...OK (7168)
[1;92m+[0m[1;2mkernel                        [0m : init task
[1;92m+[0m[1;2mkernel::timer                 [0m : Enabling PIT...(1000.1525Hz)OK
[1;92m+[0m[1;2mkernel::process::task         [0m : Thread returned!
[1;92m+[0m[1;2mkernel::process::scheduler    [0m : CRASH! 'kernel' pid=0, tid=0
[1;92m+[0m[1;2mkernel::int::exception_handler[0m : Page fault without access!
[1;92m+[0m[1;2mkernel::int::exception_handler[0m :   Requested=VmPermissions { exec: false, read: false, write: true, user: true }
[1;92m+[0m[1;2mkernel::int::exception_handler[0m :   Actual=VmPermissions { exec: false, read: false, write: false, user: false }
[1;92m+[0m[1;2mkernel::int::exception_handler[0m :   address=0x0000000000000000
[1;92m+[0m[1;2mkernel::int::exception_handler[0m : InterruptInfo {
[1;92m+[0m[1;2mkernel::int::exception_handler[0m :     context: ProcessContext {
[1;92m+[0m[1;2mkernel::int::exception_handler[0m :         r15: 0x0000000000000000,
[1;92m+[0m[1;2mkernel::int::exception_handler[0m :         r14: 0x0000000000000000,
[1;92m+[0m[1;2mkernel::int::exception_handler[0m :         r13: 0x0000000000000000,
[1;92m+[0m[1;2mkernel::int::exception_handler[0m :         r12: 0x0000000000000000,
[1;92m+[0m[1;2mkernel::int::exception_handler[0m :         r11: 0x0000000000000000,
[1;92m+[0m[1;2mkernel::int::exception_handler[0m :         r10: 0x0000000000000000,
[1;92m+[0m[1;2mkernel::int::exception_handler[0m :         r9: 0x0000000000000000,
[1;92m+[0m[1;2mkernel::int::exception_handler[0m :         r8: 0x0000000000000000,
[1;92m+[0m[1;2mkernel::int::exception_handler[0m :         rbp: 0x0000000000000000,
[1;92m+[0m[1;2mkernel::int::exception_handler[0m :         rdi: 0x0000000000000000,
[1;92m+[0m[1;2mkernel::int::exception_handler[0m :         rsi: 0x0000000000000000,
[1;92m+[0m[1;2mkernel::int::exception_handler[0m :         rdx: 0x0000000000000000,
[1;92m+[0m[1;2mkernel::int::exception_handler[0m :         rcx: 0x0000000000000000,
[1;92m+[0m[1;2mkernel::int::exception_handler[0m :         rbx: 0x00000000000006bc,
[1;92m+[0m[1;2mkernel::int::exception_handler[0m :         rax: 0x0000000000000000,
[1;92m+[0m[1;2mkernel::int::exception_handler[0m :         exception_code: 0x0000000000000006,
[1;92m+[0m[1;2mkernel::int::exception_handler[0m :         rip: 0x0000000000007e15,
[1;92m+[0m[1;2mkernel::int::exception_handler[0m :         cs: 0x000000000000002b,
[1;92m+[0m[1;2mkernel::int::exception_handler[0m :         rflag: 0x0000000000010213,
[1;92m+[0m[1;2mkernel::int::exception_handler[0m :         rsp: 0x00007ffeffffffde,
[1;92m+[0m[1;2mkernel::int::exception_handler[0m :         ss: 0x0000000000000023,
[1;92m+[0m[1;2mkernel::int::exception_handler[0m :     },
[1;92m+[0m[1;2mkernel::int::exception_handler[0m :     flags: PageFault {
[1;92m+[0m[1;2mkernel::int::exception_handler[0m :         present: false             ,
[1;92m+[0m[1;2mkernel::int::exception_handler[0m :         write: true              ,
[1;92m+[0m[1;2mkernel::int::exception_handler[0m :         user: true              ,
[1;92m+[0m[1;2mkernel::int::exception_handler[0m :         reserved_write: false             ,
[1;92m+[0m[1;2mkernel::int::exception_handler[0m :         instruction_fetch: false             ,
[1;92m+[0m[1;2mkernel::int::exception_handler[0m :         protection_key: false             ,
[1;92m+[0m[1;2mkernel::int::exception_handler[0m :         shadow_stack: false             ,
[1;92m+[0m[1;2mkernel::int::exception_handler[0m :         software_guard: false             ,
[1;92m+[0m[1;2mkernel::int::exception_handler[0m :         virt_addr: 0x0000000000000000,
[1;92m+[0m[1;2mkernel::int::exception_handler[0m :     },
[1;92m+[0m[1;2mkernel::int::exception_handler[0m : }
[1;92m+[0m[1;2mkernel::process::scheduler    [0m : CRASH! 'i_should_crash' pid=5, tid=0
[1;92m+[0m[1;2mhelloServ3              p04t00[0m : Hello Server!
[1;92m+[0m[1;2mkernel::syscall_handler       [0m : wait_for todo
[1;92m+[0m[1;2mkernel::process::scheduler    [0m : CRASH! 'helloServ3' pid=4, tid=0
[1;92m+[0m[1;2mhelloServ               p02t00[0m : Hello Server!
[1;92m+[0m[1;2mkernel::syscall_handler       [0m : wait_for todo
[1;92m+[0m[1;2mkernel::process::scheduler    [0m : CRASH! 'helloServ' pid=2, tid=0
[1;92m+[0m[1;2mhelloServ2              p03t00[0m : Hello Server!Userspace Yield
[1;92m+[0m[1;2mkernel::syscall_handler       [0m : wait_for todo
[1;92m+[0m[1;2mkernel::process::scheduler    [0m : CRASH! 'helloServ2' pid=3, tid=0
[1;92m+[0m[1;2mdummy                   p01t00[0m : Hello World from UE!!  -> [0] 
[1;92m+[0m[1;2mkernel::syscall_handler       [0m : Userspace Yield
[1;92m+[0m[1;2mdummy                   p01t00[0m : Hello World from UE!!  -> [1] 
[1;92m+[0m[1;2mkernel::syscall_handler       [0m : Userspace Yield
[1;92m+[0m[1;2mdummy                   p01t00[0m : Hello World from UE!!  -> [2] 
[1;92m+[0m[1;2mkernel::syscall_handler       [0m : Userspace Yield
[1;92m+[0m[1;2mdummy                   p01t00[0m : Hello World from UE!!  -> [3] 
[1;92m+[0m[1;2mkernel::syscall_handler       [0m : Userspace Yield
[1;92m+[0m[1;2mdummy                   p01t00[0m : Hello World from UE!!  -> [4] 
[1;92m+[0m[1;2mkernel::syscall_handler       [0m : Userspace Yield
[1;92m+[0m[1;2mdummy                   p01t00[0m : Hello World from UE!!  -> [5] 
[1;92m+[0m[1;2mkernel::syscall_handler       [0m : Userspace Yield
[1;92m+[0m[1;2mdummy                   p01t00[0m : Hello World from UE!!  -> [6] 
[1;92m+[0m[1;2mkernel::syscall_handler       [0m : Userspace Yield
[1;92m+[0m[1;2mdummy                   p01t00[0m : Hello World from UE!!  -> [7] 
[1;92m+[0m[1;2mkernel::syscall_handler       [0m : Userspace Yield
[1;92m+[0m[1;2mdummy                   p01t00[0m : Hello World from UE!!  -> [8] 
[1;92m+[0m[1;2mkernel::syscall_handler       [0m : Userspace Yield
[1;92m+[0m[1;2mdummy                   p01t00[0m : Hello World from UE!!  -> [9] 
[1;92m+[0m[1;2mkernel::process::scheduler    [0m : CRASH! 'dummy' pid=1, tid=0
[1;92m+[0m[1;2mkernel                        [0m : All threads exited!